Arguments: 
  /Users/charlesmartinreed/.nvm/versions/node/v12.0.0/bin/node /usr/local/Cellar/yarn/1.15.2/libexec/bin/yarn.js add uuid

PATH: 
  /Users/charlesmartinreed/.nvm/versions/node/v12.0.0/bin:/Users/charlesmartinreed/.rvm/gems/ruby-2.3.5/bin:/Users/charlesmartinreed/.rvm/gems/ruby-2.3.5@global/bin:/Users/charlesmartinreed/.rvm/rubies/ruby-2.3.5/bin:/usr/local/bin:/Library/Frameworks/Python.framework/Versions/3.5/bin:/usr/local/bin:/usr/bin:/bin:/usr/sbin:/sbin:/usr/local/share/dotnet:/Library/Frameworks/Mono.framework/Versions/Current/Commands:/Applications/Xamarin Workbooks.app/Contents/SharedSupport/path-bin:/Users/charlesmartinreed/.rvm/bin:/Users/charlesmartinreed/.rvm/bin

Yarn version: 
  1.15.2

Node version: 
  12.0.0

Platform: 
  darwin x64

Trace: 
  Error: https://registry.yarnpkg.com/uuid: ETIMEDOUT
      at Timeout._onTimeout (/usr/local/Cellar/yarn/1.15.2/libexec/lib/cli.js:130201:19)
      at listOnTimeout (internal/timers.js:531:17)
      at processTimers (internal/timers.js:475:7)

npm manifest: 
  {
    "name": "popular-packages-spotlight",
    "version": "1.0.0",
    "main": "index.js",
    "repository": "git@github.com:charlesmartinreed/popular-packages-spotlight.git",
    "author": "charlesmartinreed <charlesmartinreed@icloud.com>",
    "license": "MIT",
    "dependencies": {
      "bcryptjs": "^2.4.3",
      "config": "^3.1.0",
      "jwt-simple": "^0.5.6",
      "moment": "^2.24.0",
      "slug": "^1.1.0"
    }
  }

yarn manifest: 
  No manifest

Lockfile: 
  # THIS IS AN AUTOGENERATED FILE. DO NOT EDIT THIS FILE DIRECTLY.
  # yarn lockfile v1
  
  
  bcryptjs@^2.4.3:
    version "2.4.3"
    resolved "https://registry.yarnpkg.com/bcryptjs/-/bcryptjs-2.4.3.tgz#9ab5627b93e60621ff7cdac5da9733027df1d0cb"
    integrity sha1-mrVie5PmBiH/fNrF2pczAn3x0Ms=
  
  config@^3.1.0:
    version "3.1.0"
    resolved "https://registry.yarnpkg.com/config/-/config-3.1.0.tgz#c7d49c4171e8f6cb61c1d69e22647ffd60492548"
    integrity sha512-t6oDeNQbsIWa+D/KF4959TANzjSHLv1BA/hvL8tHEA3OUSWgBXELKaONSI6nr9oanbKs0DXonjOWLcrtZ3yTAA==
    dependencies:
      json5 "^1.0.1"
  
  json5@^1.0.1:
    version "1.0.1"
    resolved "https://registry.yarnpkg.com/json5/-/json5-1.0.1.tgz#779fb0018604fa854eacbf6252180d83543e3dbe"
    integrity sha512-aKS4WQjPenRxiQsC93MNfjx+nbF4PAdYzmd/1JIj8HYzqfbu86beTuNgXDzPknWk0n0uARlyewZo4s++ES36Ow==
    dependencies:
      minimist "^1.2.0"
  
  jwt-simple@^0.5.6:
    version "0.5.6"
    resolved "https://registry.yarnpkg.com/jwt-simple/-/jwt-simple-0.5.6.tgz#3357adec55b26547114157be66748995b75b333a"
    integrity sha512-40aUybvhH9t2h71ncA1/1SbtTNCVZHgsTsTgqPUxGWDmUDrXyDf2wMNQKEbdBjbf4AI+fQhbECNTV6lWxQKUzg==
  
  minimist@^1.2.0:
    version "1.2.0"
    resolved "https://registry.yarnpkg.com/minimist/-/minimist-1.2.0.tgz#a35008b20f41383eec1fb914f4cd5df79a264284"
    integrity sha1-o1AIsg9BOD7sH7kU9M1d95omQoQ=
  
  moment@^2.24.0:
    version "2.24.0"
    resolved "https://registry.yarnpkg.com/moment/-/moment-2.24.0.tgz#0d055d53f5052aa653c9f6eb68bb5d12bf5c2b5b"
    integrity sha512-bV7f+6l2QigeBBZSM/6yTNq4P2fNpSWj/0e7jQcy87A8e7o2nAfP/34/2ky5Vw4B9S446EtIhodAzkFCcR4dQg==
  
  slug@^1.1.0:
    version "1.1.0"
    resolved "https://registry.yarnpkg.com/slug/-/slug-1.1.0.tgz#73eef5710416f515077bdf70c683bde4915913c9"
    integrity sha512-NuIOjDQeTMPm+/AUIHJ5636mF3jOsYLFnoEErl9Tdpt4kpt4fOrAJxscH9mUgX1LtPaEqgPCawBg7A4yhoSWRg==
    dependencies:
      unicode ">= 0.3.1"
  
  "unicode@>= 0.3.1":
    version "11.0.1"
    resolved "https://registry.yarnpkg.com/unicode/-/unicode-11.0.1.tgz#735bd422ec75cf28d396eb224d535d168d5f1db6"
    integrity sha512-+cHtykLb+eF1yrSLWTwcYBrqJkTfX7Quoyg7Juhe6uylF43ZbMdxMuSHNYlnyLT8T7POAvavgBthzUF9AIaQvQ==
